<?xml version="1.0" encoding="UTF-8"?>
<testng-results ignored="0" total="1" passed="1" failed="0" skipped="0">
  <reporter-output>
  </reporter-output>
  <suite started-at="2018-11-26T20:13:49Z" name="Default suite" finished-at="2018-11-26T20:13:49Z" duration-ms="75">
    <groups>
    </groups>
    <test started-at="2018-11-26T20:13:49Z" name="Default test" finished-at="2018-11-26T20:13:49Z" duration-ms="75">
      <class name="Demo1.day1">
        <test-method signature="validateErrorMessage()[pri:0, instance:Demo1.day1@d35dea7]" started-at="2018-11-26T20:13:49Z" name="validateErrorMessage" finished-at="2018-11-26T20:13:49Z" duration-ms="21" status="PASS">
          <reporter-output>
          </reporter-output>
        </test-method> <!-- validateErrorMessage -->
      </class> <!-- Demo1.day1 -->
    </test> <!-- Default test -->
  </suite> <!-- Default suite -->
</testng-results>
